{"C:\\Users\\User\\Desktop\\обучение джаваскрипт\\продвинутый ДС\\ajs-04.1\\heroes.js": {"path":"C:\\Users\\User\\Desktop\\обучение джаваскрипт\\продвинутый ДС\\ajs-04.1\\heroes.js","statementMap":{"0":{"start":{"line":3,"column":4},"end":{"line":3,"column":54}},"1":{"start":{"line":3,"column":33},"end":{"line":3,"column":52}}},"fnMap":{"0":{"name":"sortHeroesByHealth","decl":{"start":{"line":2,"column":16},"end":{"line":2,"column":34}},"loc":{"start":{"line":2,"column":43},"end":{"line":4,"column":3}},"line":2},"1":{"name":"(anonymous_1)","decl":{"start":{"line":3,"column":23},"end":{"line":3,"column":24}},"loc":{"start":{"line":3,"column":33},"end":{"line":3,"column":52}},"line":3}},"branchMap":{},"s":{"0":1,"1":4},"f":{"0":1,"1":4},"b":{},"_coverageSchema":"1a1c01bbd47fc00a2c39e90264f33305004495a9","hash":"cf0bc193c2010f48d5034ebad55020ae744e4cf1"}
}
